<?xml version="1.0" encoding="UTF-8"?>
<!-- Generated by org.testng.reporters.JUnitReportReporter -->
<testsuite skipped="0" hostname="Ezhil-PC" name="data.reader.ReadExcel" tests="1" failures="0" timestamp="30 Jun 2018 13:04:21 GMT" time="0.938" errors="0">
  <testcase name="readExcel" time="0.938" classname="data.reader.ReadExcel"/>
</testsuite> <!-- data.reader.ReadExcel -->
