<?xml version="1.0" encoding="UTF-8"?>
<!-- Generated by org.testng.reporters.JUnitReportReporter -->
<testsuite skipped="0" hostname="Ezhil-PC" name="leaf.leads.EditLead" tests="1" failures="0" timestamp="02 Jul 2018 19:44:15 GMT" time="25.025" errors="0">
  <testcase name="editLead" time="25.025" classname="leaf.leads.EditLead"/>
</testsuite> <!-- leaf.leads.EditLead -->
