<?xml version="1.0" encoding="UTF-8"?>
<!-- Generated by org.testng.reporters.JUnitReportReporter -->
<testsuite skipped="0" hostname="Ezhil-PC" name="week3.day1.LearnAnnotations" tests="2" failures="0" timestamp="01 Jul 2018 08:13:50 GMT" time="26.145" errors="0">
  <testcase name="frame" time="14.882" classname="week3.day1.LearnAnnotations"/>
  <testcase name="alert" time="11.263" classname="week3.day1.LearnAnnotations"/>
</testsuite> <!-- week3.day1.LearnAnnotations -->
