<?xml version="1.0" encoding="UTF-8"?>
<!-- Generated by org.testng.reporters.JUnitReportReporter -->
<testsuite skipped="0" hostname="Ezhil-PC" name="leaf.leads.CreateLead2" tests="1" failures="0" timestamp="01 Jul 2018 08:43:24 GMT" time="26.699" errors="0">
  <testcase name="createLead" time="26.699" classname="leaf.leads.CreateLead2"/>
</testsuite> <!-- leaf.leads.CreateLead2 -->
