<?xml version="1.0" encoding="UTF-8"?>
<!-- Generated by org.testng.reporters.JUnitReportReporter -->
<testsuite skipped="0" hostname="Ezhil-PC" name="grid.JqueryUi" tests="1" failures="0" timestamp="08 Jul 2018 11:15:06 GMT" time="19.651" errors="0">
  <testcase name="frame" time="19.651" classname="grid.JqueryUi"/>
</testsuite> <!-- grid.JqueryUi -->
