<?xml version="1.0" encoding="UTF-8"?>
<!-- Generated by org.testng.reporters.JUnitReportReporter -->
<testsuite skipped="0" hostname="Ezhil-PC" name="leaf.leads.CreateLead" tests="1" failures="0" timestamp="15 Jul 2018 06:48:10 GMT" time="20.850" errors="0">
  <testcase name="createLead" time="20.850" classname="leaf.leads.CreateLead"/>
</testsuite> <!-- leaf.leads.CreateLead -->
